c:\pin\source\tools\juanlespin-public\release\syscallhooks.obj
c:\pin\source\tools\juanlespin-public\release\report.obj
c:\pin\source\tools\juanlespin-public\release\processinjection.obj
c:\pin\source\tools\juanlespin-public\release\fpu.obj
c:\pin\source\tools\juanlespin-public\release\utils.obj
c:\pin\source\tools\juanlespin-public\release\processinfo.obj
c:\pin\source\tools\juanlespin-public\release\juanlespin.obj
c:\pin\source\tools\juanlespin-public\release\hookshandler.obj
c:\pin\source\tools\juanlespin-public\release\juanlespin.dll
c:\pin\source\tools\juanlespin-public\release\juanlespin.pdb
c:\pin\source\tools\juanlespin-public\release\juanlespin.lib
c:\pin\source\tools\juanlespin-public\release\juanlespin.exp
c:\pin_3.31_msvc_success_v143\source\tools\juanlespin-public\release\fpu.obj
c:\pin_3.31_msvc_success_v143\source\tools\juanlespin-public\release\hookshandler.obj
c:\pin_3.31_msvc_success_v143\source\tools\juanlespin-public\release\juanlespin.obj
c:\pin_3.31_msvc_success_v143\source\tools\juanlespin-public\release\processinfo.obj
c:\pin_3.31_msvc_success_v143\source\tools\juanlespin-public\release\processinjection.obj
c:\pin_3.31_msvc_success_v143\source\tools\juanlespin-public\release\report.obj
c:\pin_3.31_msvc_success_v143\source\tools\juanlespin-public\release\syscallhooks.obj
c:\pin_3.31_msvc_success_v143\source\tools\juanlespin-public\release\utils.obj
c:\pin_3.31_msvc_success_v143\source\tools\juanlespin-public\release\juanlespin.exp
c:\pin_3.31_msvc_success_v143\source\tools\juanlespin-public\release\juanlespin.pdb
c:\pin_3.31_msvc_success_v143\source\tools\juanlespin-public\release\juanlespin.dll
c:\pin_3.31_msvc_success_v143\source\tools\juanlespin-public\release\juanlespin.tlog\cl.command.1.tlog
c:\pin_3.31_msvc_success_v143\source\tools\juanlespin-public\release\juanlespin.tlog\cl.items.tlog
c:\pin_3.31_msvc_success_v143\source\tools\juanlespin-public\release\juanlespin.tlog\cl.read.1.tlog
c:\pin_3.31_msvc_success_v143\source\tools\juanlespin-public\release\juanlespin.tlog\cl.write.1.tlog
c:\pin_3.31_msvc_success_v143\source\tools\juanlespin-public\release\juanlespin.tlog\link.command.1.tlog
c:\pin_3.31_msvc_success_v143\source\tools\juanlespin-public\release\juanlespin.tlog\link.read.1.tlog
c:\pin_3.31_msvc_success_v143\source\tools\juanlespin-public\release\juanlespin.tlog\link.secondary.1.tlog
c:\pin_3.31_msvc_success_v143\source\tools\juanlespin-public\release\juanlespin.tlog\link.write.1.tlog
