c:\pin\source\tools\juanlespin-public\honeypot\release\vc143.pdb
c:\pin\source\tools\juanlespin-public\honeypot\release\honeypot.obj
c:\pin\source\tools\juanlespin-public\release\honeypot.exe
c:\pin\source\tools\juanlespin-public\release\honeypot.pdb
c:\pin\source\tools\juanlespin-public\honeypot\release\honeypot.ipdb
c:\pin\source\tools\juanlespin-public\honeypot\release\honeypot.iobj
c:\pin_3.31_msvc_success_v143\source\tools\juanlespin-public\honeypot\release\honeypot.obj
c:\pin_3.31_msvc_success_v143\source\tools\juanlespin-public\honeypot\release\honeypot.ipdb
c:\pin_3.31_msvc_success_v143\source\tools\juanlespin-public\honeypot\release\honeypot.iobj
c:\pin_3.31_msvc_success_v143\source\tools\juanlespin-public\honeypot\release\vc143.pdb
c:\pin_3.31_msvc_success_v143\source\tools\juanlespin-public\release\honeypot.pdb
c:\pin_3.31_msvc_success_v143\source\tools\juanlespin-public\release\honeypot.exe
c:\pin_3.31_msvc_success_v143\source\tools\juanlespin-public\honeypot\release\honeypot.tlog\cl.command.1.tlog
c:\pin_3.31_msvc_success_v143\source\tools\juanlespin-public\honeypot\release\honeypot.tlog\cl.items.tlog
c:\pin_3.31_msvc_success_v143\source\tools\juanlespin-public\honeypot\release\honeypot.tlog\cl.read.1.tlog
c:\pin_3.31_msvc_success_v143\source\tools\juanlespin-public\honeypot\release\honeypot.tlog\cl.write.1.tlog
c:\pin_3.31_msvc_success_v143\source\tools\juanlespin-public\honeypot\release\honeypot.tlog\link.command.1.tlog
c:\pin_3.31_msvc_success_v143\source\tools\juanlespin-public\honeypot\release\honeypot.tlog\link.read.1.tlog
c:\pin_3.31_msvc_success_v143\source\tools\juanlespin-public\honeypot\release\honeypot.tlog\link.secondary.1.tlog
c:\pin_3.31_msvc_success_v143\source\tools\juanlespin-public\honeypot\release\honeypot.tlog\link.write.1.tlog
